0 info it worked if it ends with ok
1 verbose cli [ '/home/ec2-user/.nvm/versions/node/v6.12.3/bin/node',
1 verbose cli   '/home/ec2-user/.nvm/versions/node/v6.12.3/bin/npm',
1 verbose cli   'install',
1 verbose cli   '-g',
1 verbose cli   'cli-engine*' ]
2 info using npm@3.10.10
3 info using node@v6.12.3
4 silly loadCurrentTree Starting
5 silly install loadCurrentTree
6 silly install readGlobalPackageData
7 silly fetchPackageMetaData cli-engine*
8 silly fetchOtherPackageData cli-engine*
9 silly cache add args [ 'cli-engine*', null ]
10 verbose cache add spec cli-engine*
11 silly cache add parsed spec Result {
11 silly cache add   raw: 'cli-engine*',
11 silly cache add   scope: null,
11 silly cache add   escapedName: null,
11 silly cache add   name: null,
11 silly cache add   rawSpec: 'cli-engine*',
11 silly cache add   spec: '/home/ec2-user/environment/testapp/cli-engine*',
11 silly cache add   type: 'local' }
12 error addLocal Could not install /home/ec2-user/environment/testapp/cli-engine*
13 silly fetchPackageMetaData Error: ENOENT: no such file or directory, open '/home/ec2-user/environment/testapp/cli-engine*'
13 silly fetchPackageMetaData     at Error (native)
13 silly fetchPackageMetaData  error for cli-engine* { Error: ENOENT: no such file or directory, open '/home/ec2-user/environment/testapp/cli-engine*'
13 silly fetchPackageMetaData     at Error (native)
13 silly fetchPackageMetaData   errno: -2,
13 silly fetchPackageMetaData   code: 'ENOENT',
13 silly fetchPackageMetaData   syscall: 'open',
13 silly fetchPackageMetaData   path: '/home/ec2-user/environment/testapp/cli-engine*' }
14 silly rollbackFailedOptional Starting
15 silly rollbackFailedOptional Finishing
16 silly runTopLevelLifecycles Finishing
17 silly install printInstalled
18 verbose stack Error: ENOENT: no such file or directory, open '/home/ec2-user/environment/testapp/cli-engine*'
18 verbose stack     at Error (native)
19 verbose cwd /home/ec2-user/environment/testapp
20 error Linux 4.9.70-25.242.amzn1.x86_64
21 error argv "/home/ec2-user/.nvm/versions/node/v6.12.3/bin/node" "/home/ec2-user/.nvm/versions/node/v6.12.3/bin/npm" "install" "-g" "cli-engine*"
22 error node v6.12.3
23 error npm  v3.10.10
24 error path /home/ec2-user/environment/testapp/cli-engine*
25 error code ENOENT
26 error errno -2
27 error syscall open
28 error enoent ENOENT: no such file or directory, open '/home/ec2-user/environment/testapp/cli-engine*'
29 error enoent ENOENT: no such file or directory, open '/home/ec2-user/environment/testapp/cli-engine*'
29 error enoent This is most likely not a problem with npm itself
29 error enoent and is related to npm not being able to find a file.
30 verbose exit [ -2, true ]
